{
  method: 'POST',
  action: 'Package/',
  code: 201,
  level: 'info',
  message: 'package_created',
  timestamp: '2024-05-17T00:41:34.955Z'
}
{
  method: 'POST',
  action: 'Package/',
  code: 201,
  level: 'info',
  message: 'package_created',
  timestamp: '2024-05-17T00:42:12.698Z'
}
{
  method: 'POST',
  action: 'Package/',
  code: 201,
  level: 'info',
  message: 'package_created',
  timestamp: '2024-05-17T00:42:49.541Z'
}
{
  method: 'POST',
  action: 'Package/',
  code: 500,
  level: 'error',
  message: 'Validation failed!',
  statusCode: 400,
  data: [
    {
      type: 'field',
      value: 'o',
      msg: 'Invalid value',
      path: 'from_address',
      location: 'body'
    }
  ],
  stack: 'Error: Validation failed!\n' +
    '    at C:\\Users\\MrTech\\Desktop\\BaseAPI-NodeTS-main\\dist\\package\\controller.js:66:31\n' +
    '    at Generator.next (<anonymous>)\n' +
    '    at C:\\Users\\MrTech\\Desktop\\BaseAPI-NodeTS-main\\dist\\package\\controller.js:8:71\n' +
    '    at new Promise (<anonymous>)\n' +
    '    at __awaiter (C:\\Users\\MrTech\\Desktop\\BaseAPI-NodeTS-main\\dist\\package\\controller.js:4:12)\n' +
    '    at createPackage (C:\\Users\\MrTech\\Desktop\\BaseAPI-NodeTS-main\\dist\\package\\controller.js:57:12)\n' +
    '    at Layer.handle [as handle_request] (C:\\Users\\MrTech\\Desktop\\BaseAPI-NodeTS-main\\node_modules\\express\\lib\\router\\layer.js:95:5)\n' +
    '    at next (C:\\Users\\MrTech\\Desktop\\BaseAPI-NodeTS-main\\node_modules\\express\\lib\\router\\route.js:144:13)\n' +
    '    at middleware (C:\\Users\\MrTech\\Desktop\\BaseAPI-NodeTS-main\\node_modules\\express-validator\\src\\middlewares\\check.js:16:13)\n' +
    '    at process.processTicksAndRejections (node:internal/process/task_queues:95:5)',
  timestamp: '2024-05-17T00:43:10.690Z'
}
{
  method: 'GET',
  action: 'Package/567b8cbf-7e79-4975-9410-866ffdd83d2',
  code: 404,
  level: 'error',
  message: 'not_found',
  timestamp: '2024-05-17T00:54:28.485Z'
}
{
  method: 'POST',
  action: 'Delivery/undefined',
  code: 500,
  level: 'error',
  message: 'Validation failed!',
  statusCode: 400,
  data: [
    {
      type: 'field',
      value: undefined,
      msg: 'Invalid value',
      path: 'status',
      location: 'body'
    },
    {
      type: 'field',
      value: undefined,
      msg: 'Invalid value',
      path: 'package_id',
      location: 'body'
    },
    {
      type: 'field',
      value: undefined,
      msg: 'Invalid value',
      path: 'package_id',
      location: 'body'
    }
  ],
  stack: 'Error: Validation failed!\n' +
    '    at C:\\Users\\MrTech\\Desktop\\BaseAPI-NodeTS-main\\dist\\delivery\\controller.js:65:31\n' +
    '    at Generator.next (<anonymous>)\n' +
    '    at C:\\Users\\MrTech\\Desktop\\BaseAPI-NodeTS-main\\dist\\delivery\\controller.js:8:71\n' +
    '    at new Promise (<anonymous>)\n' +
    '    at __awaiter (C:\\Users\\MrTech\\Desktop\\BaseAPI-NodeTS-main\\dist\\delivery\\controller.js:4:12)\n' +
    '    at createDelivery (C:\\Users\\MrTech\\Desktop\\BaseAPI-NodeTS-main\\dist\\delivery\\controller.js:56:12)\n' +
    '    at Layer.handle [as handle_request] (C:\\Users\\MrTech\\Desktop\\BaseAPI-NodeTS-main\\node_modules\\express\\lib\\router\\layer.js:95:5)\n' +
    '    at next (C:\\Users\\MrTech\\Desktop\\BaseAPI-NodeTS-main\\node_modules\\express\\lib\\router\\route.js:144:13)\n' +
    '    at middleware (C:\\Users\\MrTech\\Desktop\\BaseAPI-NodeTS-main\\node_modules\\express-validator\\src\\middlewares\\check.js:16:13)\n' +
    '    at process.processTicksAndRejections (node:internal/process/task_queues:95:5)',
  timestamp: '2024-05-17T01:51:26.328Z'
}
{
  method: 'POST',
  action: 'Delivery/undefined',
  code: 500,
  level: 'error',
  message: 'Validation failed!',
  statusCode: 400,
  data: [
    {
      type: 'field',
      value: undefined,
      msg: 'Invalid value',
      path: 'package_id',
      location: 'body'
    },
    {
      type: 'field',
      value: undefined,
      msg: 'Invalid value',
      path: 'package_id',
      location: 'body'
    }
  ],
  stack: 'Error: Validation failed!\n' +
    '    at C:\\Users\\MrTech\\Desktop\\BaseAPI-NodeTS-main\\dist\\delivery\\controller.js:65:31\n' +
    '    at Generator.next (<anonymous>)\n' +
    '    at C:\\Users\\MrTech\\Desktop\\BaseAPI-NodeTS-main\\dist\\delivery\\controller.js:8:71\n' +
    '    at new Promise (<anonymous>)\n' +
    '    at __awaiter (C:\\Users\\MrTech\\Desktop\\BaseAPI-NodeTS-main\\dist\\delivery\\controller.js:4:12)\n' +
    '    at createDelivery (C:\\Users\\MrTech\\Desktop\\BaseAPI-NodeTS-main\\dist\\delivery\\controller.js:56:12)\n' +
    '    at Layer.handle [as handle_request] (C:\\Users\\MrTech\\Desktop\\BaseAPI-NodeTS-main\\node_modules\\express\\lib\\router\\layer.js:95:5)\n' +
    '    at next (C:\\Users\\MrTech\\Desktop\\BaseAPI-NodeTS-main\\node_modules\\express\\lib\\router\\route.js:144:13)\n' +
    '    at middleware (C:\\Users\\MrTech\\Desktop\\BaseAPI-NodeTS-main\\node_modules\\express-validator\\src\\middlewares\\check.js:16:13)\n' +
    '    at process.processTicksAndRejections (node:internal/process/task_queues:95:5)',
  timestamp: '2024-05-17T01:51:59.163Z'
}
{
  method: 'POST',
  action: 'Delivery/undefined',
  code: 404,
  level: 'error',
  message: 'not_found',
  timestamp: '2024-05-17T01:53:38.833Z'
}
{
  method: 'POST',
  action: 'Delivery/undefined',
  code: 404,
  level: 'error',
  message: 'not_found',
  timestamp: '2024-05-17T01:54:30.114Z'
}
{
  method: 'POST',
  action: 'Delivery/567b8cbf-7e79-4975-9410-866ffdd83d21',
  code: 201,
  level: 'info',
  message: 'delivery_created',
  timestamp: '2024-05-17T01:55:06.467Z'
}
{
  method: 'POST',
  action: 'Delivery/567b8cbf-7e79-4975-9410-866ffdd83d21',
  code: 201,
  level: 'info',
  message: 'delivery_created',
  timestamp: '2024-05-17T01:58:04.631Z'
}
{
  method: 'POST',
  action: 'Delivery/567b8cbf-7e79-4975-9410-866ffdd83d21',
  code: 409,
  level: 'error',
  message: 'already_exist',
  timestamp: '2024-05-17T01:58:07.322Z'
}
{
  method: 'POST',
  action: 'Delivery/39b4ddcf-147e-46db-9794-dbe8a34909f3',
  code: 404,
  level: 'error',
  message: 'not_found',
  timestamp: '2024-05-17T01:58:38.422Z'
}
{
  method: 'GET',
  action: 'Delivery/39b4ddcf-147e-46db-9794-dbe8a34909f3',
  code: 500,
  level: 'error',
  message: 'Cast to ObjectId failed for value "567b8cbf-7e79-4975-9410-866ffdd83d21" (type string) at path "_id" for model "Package"',
  stringValue: '"567b8cbf-7e79-4975-9410-866ffdd83d21"',
  messageFormat: undefined,
  kind: 'ObjectId',
  value: '567b8cbf-7e79-4975-9410-866ffdd83d21',
  path: '_id',
  reason: BSONError: input must be a 24 character hex string, 12 byte Uint8Array, or an integer
      at new ObjectId (C:\Users\MrTech\Desktop\BaseAPI-NodeTS-main\node_modules\bson\lib\bson.cjs:2361:23)
      at castObjectId (C:\Users\MrTech\Desktop\BaseAPI-NodeTS-main\node_modules\mongoose\lib\cast\objectid.js:25:12)
      at SchemaObjectId.cast (C:\Users\MrTech\Desktop\BaseAPI-NodeTS-main\node_modules\mongoose\lib\schema\objectId.js:248:12)
      at SchemaType.applySetters (C:\Users\MrTech\Desktop\BaseAPI-NodeTS-main\node_modules\mongoose\lib\schemaType.js:1236:12)
      at SchemaType.castForQuery (C:\Users\MrTech\Desktop\BaseAPI-NodeTS-main\node_modules\mongoose\lib\schemaType.js:1653:17)
      at C:\Users\MrTech\Desktop\BaseAPI-NodeTS-main\node_modules\mongoose\lib\schemaType.js:1614:18
      at Array.map (<anonymous>)
      at SchemaObjectId.handle$in (C:\Users\MrTech\Desktop\BaseAPI-NodeTS-main\node_modules\mongoose\lib\schemaType.js:1610:14)
      at SchemaType.castForQuery (C:\Users\MrTech\Desktop\BaseAPI-NodeTS-main\node_modules\mongoose\lib\schemaType.js:1649:20)
      at cast (C:\Users\MrTech\Desktop\BaseAPI-NodeTS-main\node_modules\mongoose\lib\cast.js:352:39),
  valueType: 'string',
  model: Model { Package },
  stack: 'CastError: Cast to ObjectId failed for value "567b8cbf-7e79-4975-9410-866ffdd83d21" (type string) at path "_id" for model "Package"\n' +
    '    at SchemaObjectId.cast (C:\\Users\\MrTech\\Desktop\\BaseAPI-NodeTS-main\\node_modules\\mongoose\\lib\\schema\\objectId.js:250:11)\n' +
    '    at SchemaType.applySetters (C:\\Users\\MrTech\\Desktop\\BaseAPI-NodeTS-main\\node_modules\\mongoose\\lib\\schemaType.js:1236:12)\n' +
    '    at SchemaType.castForQuery (C:\\Users\\MrTech\\Desktop\\BaseAPI-NodeTS-main\\node_modules\\mongoose\\lib\\schemaType.js:1653:17)\n' +
    '    at C:\\Users\\MrTech\\Desktop\\BaseAPI-NodeTS-main\\node_modules\\mongoose\\lib\\schemaType.js:1614:18\n' +
    '    at Array.map (<anonymous>)\n' +
    '    at SchemaObjectId.handle$in (C:\\Users\\MrTech\\Desktop\\BaseAPI-NodeTS-main\\node_modules\\mongoose\\lib\\schemaType.js:1610:14)\n' +
    '    at SchemaType.castForQuery (C:\\Users\\MrTech\\Desktop\\BaseAPI-NodeTS-main\\node_modules\\mongoose\\lib\\schemaType.js:1649:20)\n' +
    '    at cast (C:\\Users\\MrTech\\Desktop\\BaseAPI-NodeTS-main\\node_modules\\mongoose\\lib\\cast.js:352:39)\n' +
    '    at Query.cast (C:\\Users\\MrTech\\Desktop\\BaseAPI-NodeTS-main\\node_modules\\mongoose\\lib\\query.js:4791:12)\n' +
    '    at Query._castConditions (C:\\Users\\MrTech\\Desktop\\BaseAPI-NodeTS-main\\node_modules\\mongoose\\lib\\query.js:2199:10)',
  timestamp: '2024-05-17T02:00:48.073Z'
}
{
  method: 'POST',
  action: 'Package/',
  code: 500,
  level: 'error',
  message: 'Validation failed!',
  statusCode: 400,
  data: [
    {
      type: 'field',
      value: null,
      msg: 'Invalid value',
      path: 'width',
      location: 'body'
    }
  ],
  stack: 'Error: Validation failed!\n' +
    '    at C:\\Users\\MrTech\\Desktop\\BaseAPI-NodeTS-main\\dist\\package\\controller.js:51:31\n' +
    '    at Generator.next (<anonymous>)\n' +
    '    at C:\\Users\\MrTech\\Desktop\\BaseAPI-NodeTS-main\\dist\\package\\controller.js:8:71\n' +
    '    at new Promise (<anonymous>)\n' +
    '    at __awaiter (C:\\Users\\MrTech\\Desktop\\BaseAPI-NodeTS-main\\dist\\package\\controller.js:4:12)\n' +
    '    at createPackage (C:\\Users\\MrTech\\Desktop\\BaseAPI-NodeTS-main\\dist\\package\\controller.js:42:12)\n' +
    '    at Layer.handle [as handle_request] (C:\\Users\\MrTech\\Desktop\\BaseAPI-NodeTS-main\\node_modules\\express\\lib\\router\\layer.js:95:5)\n' +
    '    at next (C:\\Users\\MrTech\\Desktop\\BaseAPI-NodeTS-main\\node_modules\\express\\lib\\router\\route.js:144:13)\n' +
    '    at middleware (C:\\Users\\MrTech\\Desktop\\BaseAPI-NodeTS-main\\node_modules\\express-validator\\src\\middlewares\\check.js:16:13)\n' +
    '    at process.processTicksAndRejections (node:internal/process/task_queues:95:5)',
  timestamp: '2024-05-18T13:22:23.179Z'
}
{
  method: 'POST',
  action: 'Package/',
  code: 500,
  level: 'error',
  message: 'Validation failed!',
  statusCode: 400,
  data: [
    {
      type: 'field',
      value: null,
      msg: 'Invalid value',
      path: 'width',
      location: 'body'
    }
  ],
  stack: 'Error: Validation failed!\n' +
    '    at C:\\Users\\MrTech\\Desktop\\BaseAPI-NodeTS-main\\dist\\package\\controller.js:51:31\n' +
    '    at Generator.next (<anonymous>)\n' +
    '    at C:\\Users\\MrTech\\Desktop\\BaseAPI-NodeTS-main\\dist\\package\\controller.js:8:71\n' +
    '    at new Promise (<anonymous>)\n' +
    '    at __awaiter (C:\\Users\\MrTech\\Desktop\\BaseAPI-NodeTS-main\\dist\\package\\controller.js:4:12)\n' +
    '    at createPackage (C:\\Users\\MrTech\\Desktop\\BaseAPI-NodeTS-main\\dist\\package\\controller.js:42:12)\n' +
    '    at Layer.handle [as handle_request] (C:\\Users\\MrTech\\Desktop\\BaseAPI-NodeTS-main\\node_modules\\express\\lib\\router\\layer.js:95:5)\n' +
    '    at next (C:\\Users\\MrTech\\Desktop\\BaseAPI-NodeTS-main\\node_modules\\express\\lib\\router\\route.js:144:13)\n' +
    '    at middleware (C:\\Users\\MrTech\\Desktop\\BaseAPI-NodeTS-main\\node_modules\\express-validator\\src\\middlewares\\check.js:16:13)\n' +
    '    at process.processTicksAndRejections (node:internal/process/task_queues:95:5)',
  timestamp: '2024-05-18T13:24:32.123Z'
}
{
  method: 'POST',
  action: 'Package/',
  code: 500,
  level: 'error',
  message: 'Validation failed!',
  statusCode: 400,
  data: [
    {
      type: 'field',
      value: null,
      msg: 'Invalid value',
      path: 'width',
      location: 'body'
    }
  ],
  stack: 'Error: Validation failed!\n' +
    '    at C:\\Users\\MrTech\\Desktop\\BaseAPI-NodeTS-main\\dist\\package\\controller.js:52:31\n' +
    '    at Generator.next (<anonymous>)\n' +
    '    at C:\\Users\\MrTech\\Desktop\\BaseAPI-NodeTS-main\\dist\\package\\controller.js:8:71\n' +
    '    at new Promise (<anonymous>)\n' +
    '    at __awaiter (C:\\Users\\MrTech\\Desktop\\BaseAPI-NodeTS-main\\dist\\package\\controller.js:4:12)\n' +
    '    at createPackage (C:\\Users\\MrTech\\Desktop\\BaseAPI-NodeTS-main\\dist\\package\\controller.js:42:12)\n' +
    '    at Layer.handle [as handle_request] (C:\\Users\\MrTech\\Desktop\\BaseAPI-NodeTS-main\\node_modules\\express\\lib\\router\\layer.js:95:5)\n' +
    '    at next (C:\\Users\\MrTech\\Desktop\\BaseAPI-NodeTS-main\\node_modules\\express\\lib\\router\\route.js:144:13)\n' +
    '    at middleware (C:\\Users\\MrTech\\Desktop\\BaseAPI-NodeTS-main\\node_modules\\express-validator\\src\\middlewares\\check.js:16:13)\n' +
    '    at process.processTicksAndRejections (node:internal/process/task_queues:95:5)',
  timestamp: '2024-05-18T13:25:38.396Z'
}
{
  method: 'POST',
  action: 'Package/',
  code: 201,
  level: 'info',
  message: 'package_created',
  timestamp: '2024-05-18T13:27:08.998Z'
}
{
  method: 'POST',
  action: 'Delivery/5e13108f-7321-46b7-b9bf-deefb9a63fc1',
  code: 500,
  level: 'error',
  message: 'Validation failed!',
  statusCode: 400,
  data: [
    {
      type: 'field',
      value: undefined,
      msg: 'Invalid value',
      path: 'pickup_time',
      location: 'body'
    },
    {
      type: 'field',
      value: undefined,
      msg: 'Invalid value',
      path: 'start_time',
      location: 'body'
    },
    {
      type: 'field',
      value: undefined,
      msg: 'Invalid value',
      path: 'end_time',
      location: 'body'
    }
  ],
  stack: 'Error: Validation failed!\n' +
    '    at C:\\Users\\MrTech\\Desktop\\BaseAPI-NodeTS-main\\dist\\delivery\\controller.js:52:31\n' +
    '    at Generator.next (<anonymous>)\n' +
    '    at C:\\Users\\MrTech\\Desktop\\BaseAPI-NodeTS-main\\dist\\delivery\\controller.js:8:71\n' +
    '    at new Promise (<anonymous>)\n' +
    '    at __awaiter (C:\\Users\\MrTech\\Desktop\\BaseAPI-NodeTS-main\\dist\\delivery\\controller.js:4:12)\n' +
    '    at createDelivery (C:\\Users\\MrTech\\Desktop\\BaseAPI-NodeTS-main\\dist\\delivery\\controller.js:43:12)\n' +
    '    at Layer.handle [as handle_request] (C:\\Users\\MrTech\\Desktop\\BaseAPI-NodeTS-main\\node_modules\\express\\lib\\router\\layer.js:95:5)\n' +
    '    at next (C:\\Users\\MrTech\\Desktop\\BaseAPI-NodeTS-main\\node_modules\\express\\lib\\router\\route.js:144:13)\n' +
    '    at middleware (C:\\Users\\MrTech\\Desktop\\BaseAPI-NodeTS-main\\node_modules\\express-validator\\src\\middlewares\\check.js:16:13)\n' +
    '    at process.processTicksAndRejections (node:internal/process/task_queues:95:5)',
  timestamp: '2024-05-18T15:02:53.560Z'
}
{
  method: 'POST',
  action: 'Delivery/5e13108f-7321-46b7-b9bf-deefb9a63fc1',
  code: 500,
  level: 'error',
  message: "Cannot read properties of undefined (reading 'lng')",
  stack: "TypeError: Cannot read properties of undefined (reading 'lng')\n" +
    '    at C:\\Users\\MrTech\\Desktop\\BaseAPI-NodeTS-main\\dist\\delivery\\controller.js:68:52\n' +
    '    at Generator.next (<anonymous>)\n' +
    '    at fulfilled (C:\\Users\\MrTech\\Desktop\\BaseAPI-NodeTS-main\\dist\\delivery\\controller.js:5:58)\n' +
    '    at process.processTicksAndRejections (node:internal/process/task_queues:95:5)',
  timestamp: '2024-05-18T15:04:01.844Z'
}
{
  method: 'POST',
  action: 'Delivery/5e13108f-7321-46b7-b9bf-deefb9a63fc1',
  code: 201,
  level: 'info',
  message: 'delivery_created',
  timestamp: '2024-05-18T15:05:12.335Z'
}
{
  method: 'POST',
  action: 'Delivery/5e13108f-7321-46b7-b9bf-deefb9a63fc1',
  code: 409,
  level: 'error',
  message: 'already_exist',
  timestamp: '2024-05-18T15:17:28.806Z'
}
{
  method: 'POST',
  action: 'Delivery/5e13108f-7321-46b7-b9bf-deefb9a63fc1',
  code: 409,
  level: 'error',
  message: 'already_exist',
  timestamp: '2024-05-18T15:18:18.811Z'
}
{
  method: 'POST',
  action: 'Delivery/5e13108f-7321-46b7-b9bf-deefb9a63fc1',
  code: 409,
  level: 'error',
  message: 'already_exist',
  timestamp: '2024-05-18T15:18:54.672Z'
}
{
  method: 'POST',
  action: 'Delivery/5e13108f-7321-46b7-b9bf-deefb9a63fc1',
  code: 409,
  level: 'error',
  message: 'Package already has an ongoing delivery',
  timestamp: '2024-05-18T15:20:11.068Z'
}
{
  method: 'POST',
  action: 'Delivery/5e13108f-7321-46b7-b9bf-deefb9a63fc1',
  code: 409,
  level: 'error',
  message: 'Package already has an ongoing delivery',
  timestamp: '2024-05-18T15:26:30.241Z'
}
{
  method: 'POST',
  action: 'Delivery/5e13108f-7321-46b7-b9bf-deefb9a63fc1',
  code: 409,
  level: 'error',
  message: 'Package already has an ongoing delivery',
  timestamp: '2024-05-18T16:13:53.614Z'
}
{
  method: 'POST',
  action: 'Delivery/5e13108f-7321-46b7-b9bf-deefb9a63fc1',
  code: 201,
  level: 'info',
  message: 'delivery_created',
  timestamp: '2024-05-18T16:14:23.666Z'
}
{
  method: 'PUT',
  action: 'Delivery/d637d4b9-8dd0-4a86-9a52-3bc2d7a96969',
  code: 500,
  level: 'error',
  message: "Cannot read properties of undefined (reading 'lng')",
  stack: "TypeError: Cannot read properties of undefined (reading 'lng')\n" +
    '    at C:\\Users\\MrTech\\Desktop\\BaseAPI-NodeTS-main\\dist\\delivery\\controller.js:105:58\n' +
    '    at Generator.next (<anonymous>)\n' +
    '    at fulfilled (C:\\Users\\MrTech\\Desktop\\BaseAPI-NodeTS-main\\dist\\delivery\\controller.js:5:58)\n' +
    '    at process.processTicksAndRejections (node:internal/process/task_queues:95:5)',
  timestamp: '2024-05-18T16:30:59.406Z'
}
{
  method: 'PUT',
  action: 'Delivery/d637d4b9-8dd0-4a86-9a52-3bc2d7a96969',
  code: 500,
  level: 'error',
  message: "Cannot read properties of undefined (reading 'lng')",
  stack: "TypeError: Cannot read properties of undefined (reading 'lng')\n" +
    '    at C:\\Users\\MrTech\\Desktop\\BaseAPI-NodeTS-main\\dist\\delivery\\controller.js:105:58\n' +
    '    at Generator.next (<anonymous>)\n' +
    '    at fulfilled (C:\\Users\\MrTech\\Desktop\\BaseAPI-NodeTS-main\\dist\\delivery\\controller.js:5:58)\n' +
    '    at process.processTicksAndRejections (node:internal/process/task_queues:95:5)',
  timestamp: '2024-05-18T16:31:18.007Z'
}
{
  method: 'PUT',
  action: 'Delivery/d637d4b9-8dd0-4a86-9a52-3bc2d7a96969',
  code: 500,
  level: 'error',
  message: "Cannot read properties of undefined (reading 'lng')",
  stack: "TypeError: Cannot read properties of undefined (reading 'lng')\n" +
    '    at C:\\Users\\MrTech\\Desktop\\BaseAPI-NodeTS-main\\dist\\delivery\\controller.js:104:58\n' +
    '    at Generator.next (<anonymous>)\n' +
    '    at fulfilled (C:\\Users\\MrTech\\Desktop\\BaseAPI-NodeTS-main\\dist\\delivery\\controller.js:5:58)\n' +
    '    at process.processTicksAndRejections (node:internal/process/task_queues:95:5)',
  timestamp: '2024-05-18T16:33:03.703Z'
}
{
  method: 'PUT',
  action: 'Delivery/d637d4b9-8dd0-4a86-9a52-3bc2d7a96969',
  code: 500,
  level: 'error',
  message: "Cannot read properties of undefined (reading 'lng')",
  stack: "TypeError: Cannot read properties of undefined (reading 'lng')\n" +
    '    at C:\\Users\\MrTech\\Desktop\\BaseAPI-NodeTS-main\\dist\\delivery\\controller.js:104:58\n' +
    '    at Generator.next (<anonymous>)\n' +
    '    at fulfilled (C:\\Users\\MrTech\\Desktop\\BaseAPI-NodeTS-main\\dist\\delivery\\controller.js:5:58)\n' +
    '    at process.processTicksAndRejections (node:internal/process/task_queues:95:5)',
  timestamp: '2024-05-18T16:33:40.588Z'
}
{
  method: 'GET',
  action: 'Package/see',
  code: 404,
  level: 'error',
  message: 'not_found',
  timestamp: '2024-05-18T16:54:06.156Z'
}
{
  method: 'POST',
  action: 'Delivery/5e13108f-7321-46b7-b9bf-deefb9a63fc1',
  code: 409,
  level: 'error',
  message: 'Package already has an ongoing delivery',
  timestamp: '2024-05-18T18:30:05.627Z'
}
{
  method: 'POST',
  action: 'Delivery/5e13108f-7321-46b7-b9bf-deefb9a63fc1',
  code: 409,
  level: 'error',
  message: 'Package already has an ongoing delivery',
  timestamp: '2024-05-18T18:36:12.950Z'
}
{
  method: 'POST',
  action: 'Delivery/5e13108f-7321-46b7-b9bf-deefb9a63fc1',
  code: 201,
  level: 'info',
  message: 'delivery_created',
  timestamp: '2024-05-18T18:37:30.142Z'
}
{
  method: 'POST',
  action: 'Delivery/5e13108f-7321-46b7-b9bf-deefb9a63fc1',
  code: 201,
  level: 'info',
  message: 'delivery_created',
  timestamp: '2024-05-18T18:39:33.654Z'
}
{
  method: 'POST',
  action: 'Delivery/5e13108f-7321-46b7-b9bf-deefb9a63fc1',
  code: 201,
  level: 'info',
  message: 'delivery_created',
  timestamp: '2024-05-18T18:41:49.949Z'
}
{
  method: 'POST',
  action: 'Delivery/5e13108f-7321-46b7-b9bf-deefb9a63fc1',
  code: 201,
  level: 'info',
  message: 'delivery_created',
  timestamp: '2024-05-18T18:43:17.453Z'
}
{
  method: 'POST',
  action: 'Delivery/5e13108f-7321-46b7-b9bf-deefb9a63fc1',
  code: 201,
  level: 'info',
  message: 'delivery_created',
  timestamp: '2024-05-18T18:44:55.143Z'
}
{
  method: 'POST',
  action: 'Delivery/5e13108f-7321-46b7-b9bf-deefb9a63fc1',
  code: 201,
  level: 'info',
  message: 'delivery_created',
  timestamp: '2024-05-18T18:46:25.841Z'
}
{
  method: 'POST',
  action: 'Delivery/5e13108f-7321-46b7-b9bf-deefb9a63fc1',
  code: 201,
  level: 'info',
  message: 'delivery_created',
  timestamp: '2024-05-19T18:02:25.122Z'
}
{
  method: 'POST',
  action: 'Delivery/5e13108f-7321-46b7-b9bf-deefb9a63fc1',
  code: 201,
  level: 'info',
  message: 'delivery_created',
  timestamp: '2024-05-19T19:22:38.760Z'
}
{
  method: 'POST',
  action: 'Delivery/5e13108f-7321-46b7-b9bf-deefb9a63fc1',
  code: 201,
  level: 'info',
  message: 'delivery_created',
  timestamp: '2024-05-19T19:30:54.383Z'
}
{
  method: 'POST',
  action: 'Delivery/5e13108f-7321-46b7-b9bf-deefb9a63fc1',
  code: 201,
  level: 'info',
  message: 'delivery_created',
  timestamp: '2024-05-19T19:56:10.938Z'
}
{
  method: 'POST',
  action: 'Delivery/5e13108f-7321-46b7-b9bf-deefb9a63fc1',
  code: 201,
  level: 'info',
  message: 'delivery_created',
  timestamp: '2024-05-19T20:01:41.071Z'
}
{
  method: 'POST',
  action: 'Delivery/5e13108f-7321-46b7-b9bf-deefb9a63fc1',
  code: 201,
  level: 'info',
  message: 'delivery_created',
  timestamp: '2024-05-19T20:06:37.186Z'
}
{
  method: 'POST',
  action: 'Delivery/5e13108f-7321-46b7-b9bf-deefb9a63fc1',
  code: 201,
  level: 'info',
  message: 'delivery_created',
  timestamp: '2024-05-19T20:15:19.889Z'
}
{
  method: 'POST',
  action: 'Delivery/5e13108f-7321-46b7-b9bf-deefb9a63fc1',
  code: 201,
  level: 'info',
  message: 'delivery_created',
  timestamp: '2024-05-19T20:21:47.035Z'
}
{
  method: 'POST',
  action: 'Delivery/5e13108f-7321-46b7-b9bf-deefb9a63fc1',
  code: 409,
  level: 'error',
  message: 'Package already has an ongoing delivery',
  timestamp: '2024-05-19T20:24:26.615Z'
}
{
  method: 'POST',
  action: 'Delivery/5e13108f-7321-46b7-b9bf-deefb9a63fc1',
  code: 201,
  level: 'info',
  message: 'delivery_created',
  timestamp: '2024-05-19T20:44:17.875Z'
}
{
  method: 'POST',
  action: 'Delivery/5e13108f-7321-46b7-b9bf-deefb9a63fc1',
  code: 409,
  level: 'error',
  message: 'Package already has an ongoing delivery',
  timestamp: '2024-05-19T20:44:45.013Z'
}
{
  method: 'POST',
  action: 'Delivery/5e13108f-7321-46b7-b9bf-deefb9a63fc1',
  code: 201,
  level: 'info',
  message: 'delivery_created',
  timestamp: '2024-05-19T20:45:08.961Z'
}
{
  method: 'POST',
  action: 'Delivery/5e13108f-7321-46b7-b9bf-deefb9a63fc1',
  code: 201,
  level: 'info',
  message: 'delivery_created',
  timestamp: '2024-05-19T21:07:28.503Z'
}
{
  method: 'POST',
  action: 'Delivery/5e13108f-7321-46b7-b9bf-deefb9a63fc1',
  code: 201,
  level: 'info',
  message: 'delivery_created',
  timestamp: '2024-05-19T21:09:15.467Z'
}
{
  method: 'POST',
  action: 'Delivery/5e13108f-7321-46b7-b9bf-deefb9a63fc1',
  code: 201,
  level: 'info',
  message: 'delivery_created',
  timestamp: '2024-05-19T21:48:48.709Z'
}
{
  method: 'POST',
  action: 'Delivery/5e13108f-7321-46b7-b9bf-deefb9a63fc1',
  code: 201,
  level: 'info',
  message: 'delivery_created',
  timestamp: '2024-05-19T21:54:49.474Z'
}
{
  method: 'POST',
  action: 'Delivery/5e13108f-7321-46b7-b9bf-deefb9a63fc1',
  code: 201,
  level: 'info',
  message: 'delivery_created',
  timestamp: '2024-05-19T21:57:49.524Z'
}
{
  method: 'POST',
  action: 'Delivery/5e13108f-7321-46b7-b9bf-deefb9a63fc1',
  code: 201,
  level: 'info',
  message: 'delivery_created',
  timestamp: '2024-05-19T22:00:54.468Z'
}
{
  method: 'POST',
  action: 'Delivery/5e13108f-7321-46b7-b9bf-deefb9a63fc1',
  code: 201,
  level: 'info',
  message: 'delivery_created',
  timestamp: '2024-05-19T22:31:15.638Z'
}
